<gconfentryfile>
  <entrylist base="/system/networking/connections">
    <entry>
      <key>1/802-11-wireless/mode</key>
      <value>
        <string>infrastructure</string>
      </value>
    </entry>
    <entry>
      <key>1/802-11-wireless/name</key>
      <value>
        <string>802-11-wireless</string>
      </value>
    </entry>
    <entry>
      <key>1/802-11-wireless/security</key>
      <value>
        <string>802-11-wireless-security</string>
      </value>
    </entry>
    <entry>
      <key>1/802-11-wireless/seen-bssids</key>
      <value>
        <list type="string">
            <value>
              <string>00:bb:cc:dd:ee:ff</string>
            </value>
        </list>
      </value>
    </entry>
    <entry>
      <key>1/802-11-wireless/ssid</key>
      <value>
        <list type="int">
            <value>
              <int>97</int>
            </value>
            <value>
              <int>98</int>
            </value>
            <value>
              <int>99</int>
            </value>
            <value>
              <int>100</int>
            </value>
            <value>
              <int>101</int>
            </value>
        </list>
      </value>
    </entry>
    <entry>
      <key>1/802-11-wireless-security/key-mgmt</key>
      <value>
        <string>wpa-psk</string>
      </value>
    </entry>
    <entry>
      <key>1/802-11-wireless-security/name</key>
      <value>
        <string>802-11-wireless-security</string>
      </value>
    </entry>
    <entry>
      <key>1/connection/id</key>
      <value>
        <string>Auto abcde</string>
      </value>
    </entry>
    <entry>
      <key>1/connection/name</key>
      <value>
        <string>connection</string>
      </value>
    </entry>
    <entry>
      <key>1/connection/timestamp</key>
      <value>
        <string>1248908514</string>
      </value>
    </entry>
    <entry>
      <key>1/connection/type</key>
      <value>
        <string>802-11-wireless</string>
      </value>
    </entry>
    <entry>
      <key>1/connection/uuid</key>
      <value>
        <string>ca99c473-b0fb-4e16-82dd-a886f3edd099</string>
      </value>
    </entry>
    <entry>
      <key>17/connection/autoconnect</key>
      <value>
        <bool>true</bool>
      </value>
    </entry>
    <entry>
      <key>17/connection/id</key>
      <value>
        <string>AT&amp;T MEdia Net</string>
      </value>
    </entry>
    <entry>
      <key>17/connection/name</key>
      <value>
        <string>connection</string>
      </value>
    </entry>
    <entry>
      <key>17/connection/timestamp</key>
      <value>
        <string>1288459781</string>
      </value>
    </entry>
    <entry>
      <key>17/connection/type</key>
      <value>
        <string>gsm</string>
      </value>
    </entry>
    <entry>
      <key>17/connection/uuid</key>
      <value>
        <string>783e0012-c787-4244-8dfe-c1834566ba86</string>
      </value>
    </entry>
    <entry>
      <key>17/gsm/apn</key>
      <value>
        <string>WAP.CINGULAR</string>
      </value>
    </entry>
    <entry>
      <key>17/gsm/name</key>
      <value>
        <string>gsm</string>
      </value>
    </entry>
    <entry>
      <key>17/gsm/number</key>
      <value>
        <string>*99#</string>
      </value>
    </entry>
    <entry>
      <key>17/gsm/username</key>
      <value>
        <string>WAP@CINGULARGPRS.COM</string>
      </value>
    </entry>
    <entry>
      <key>17/ipv4/addresses</key>
      <value>
        <list type="int">
        </list>
      </value>
    </entry>
    <entry>
      <key>17/ipv4/dns</key>
      <value>
        <list type="int">
        </list>
      </value>
    </entry>
    <entry>
      <key>17/ipv4/method</key>
      <value>
        <string>auto</string>
      </value>
    </entry>
    <entry>
      <key>17/ipv4/name</key>
      <value>
        <string>ipv4</string>
      </value>
    </entry>
    <entry>
      <key>17/ipv4/routes</key>
      <value>
        <list type="int">
        </list>
      </value>
    </entry>
    <entry>
      <key>17/ppp/name</key>
      <value>
        <string>ppp</string>
      </value>
    </entry>
    <entry>
      <key>17/serial/baud</key>
      <value>
        <int>115200</int>
      </value>
    </entry>
    <entry>
      <key>17/serial/name</key>
      <value>
        <string>serial</string>
      </value>
    </entry>
  </entrylist>
</gconfentryfile>
